[debug] [2019-04-10T07:40:57.229Z] ----------------------------------------------------------------------
[debug] [2019-04-10T07:40:57.232Z] Command:       /usr/bin/node /usr/bin/firebase serve
[debug] [2019-04-10T07:40:57.232Z] CLI Version:   6.6.0
[debug] [2019-04-10T07:40:57.232Z] Platform:      linux
[debug] [2019-04-10T07:40:57.233Z] Node Version:  v8.15.1
[debug] [2019-04-10T07:40:57.233Z] Time:          Wed Apr 10 2019 04:40:57 GMT-0300 (-03)
[debug] [2019-04-10T07:40:57.233Z] ----------------------------------------------------------------------
[debug] 
[debug] [2019-04-10T07:40:57.241Z] > command requires scopes: ["email","openid","https://www.googleapis.com/auth/cloudplatformprojects.readonly","https://www.googleapis.com/auth/firebase","https://www.googleapis.com/auth/cloud-platform"]
[debug] [2019-04-10T07:40:57.241Z] > authorizing via signed-in user
[debug] [2019-04-10T07:40:57.242Z] [iam] checking project trocaria-11 for permissions ["firebase.projects.get"]
[debug] [2019-04-10T07:40:57.244Z] >>> HTTP REQUEST POST https://cloudresourcemanager.googleapis.com/v1/projects/trocaria-11:testIamPermissions  

[debug] [2019-04-10T07:40:58.270Z] <<< HTTP RESPONSE 200
[debug] [2019-04-10T07:40:58.273Z] >>> HTTP REQUEST GET https://cloudresourcemanager.googleapis.com/v1/projects/trocaria-11  
 
[debug] [2019-04-10T07:40:59.171Z] <<< HTTP RESPONSE 200
[info] 
[info] === Serving from '/home/ana/Google Drive/lab/redesocial'...
[info] 
[debug] [2019-04-10T07:40:59.173Z] >>> HTTP REQUEST GET https://mobilesdk-pa.googleapis.com/v1/projects/251335613869/clients/_:getWebAppConfig  
 
[debug] [2019-04-10T07:41:00.527Z] <<< HTTP RESPONSE 200
[info] i  hosting: Serving hosting files from: public
[info] ✔  hosting: Local server: http://localhost:5000
[debug] [2019-04-10T16:24:29.947Z] ----------------------------------------------------------------------
[debug] [2019-04-10T16:24:29.950Z] Command:       /usr/bin/node /usr/local/bin/firebase serve
[debug] [2019-04-10T16:24:29.950Z] CLI Version:   6.5.3
[debug] [2019-04-10T16:24:29.950Z] Platform:      linux
[debug] [2019-04-10T16:24:29.950Z] Node Version:  v8.10.0
[debug] [2019-04-10T16:24:29.950Z] Time:          Wed Apr 10 2019 13:24:29 GMT-0300 (-03)
[debug] [2019-04-10T16:24:29.950Z] ----------------------------------------------------------------------
[debug] 
[debug] [2019-04-10T16:24:29.958Z] > command requires scopes: ["email","openid","https://www.googleapis.com/auth/cloudplatformprojects.readonly","https://www.googleapis.com/auth/firebase","https://www.googleapis.com/auth/cloud-platform"]
[debug] [2019-04-10T16:24:29.958Z] > authorizing via signed-in user
[debug] [2019-04-10T16:24:29.958Z] [iam] checking project trocaria-11 for permissions ["firebase.projects.get"]
[debug] [2019-04-10T16:24:29.960Z] >>> HTTP REQUEST POST https://cloudresourcemanager.googleapis.com/v1/projects/trocaria-11:testIamPermissions  

[debug] [2019-04-10T16:24:31.324Z] <<< HTTP RESPONSE 200
[debug] [2019-04-10T16:24:31.327Z] >>> HTTP REQUEST GET https://cloudresourcemanager.googleapis.com/v1/projects/trocaria-11  
 
[debug] [2019-04-10T16:24:31.570Z] <<< HTTP RESPONSE 200
[info] 
[info] === Serving from '/home/ana/Documentos/redesocial'...
[info] 
[debug] [2019-04-10T16:24:31.578Z] >>> HTTP REQUEST GET https://mobilesdk-pa.googleapis.com/v1/projects/251335613869/clients/_:getWebAppConfig  
 
[debug] [2019-04-10T16:24:32.332Z] <<< HTTP RESPONSE 200
[info] i  hosting: Serving hosting files from: public
[info] ✔  hosting: Local server: http://localhost:5000
[debug] [2019-04-10T17:50:34.219Z] ----------------------------------------------------------------------
[debug] [2019-04-10T17:50:34.246Z] Command:       C:\Program Files\nodejs\node.exe C:\Users\nayam\AppData\Roaming\npm\node_modules\firebase-tools\lib\bin\firebase.js serve
[debug] [2019-04-10T17:50:34.247Z] CLI Version:   6.5.3
[debug] [2019-04-10T17:50:34.247Z] Platform:      win32
[debug] [2019-04-10T17:50:34.247Z] Node Version:  v11.12.0
[debug] [2019-04-10T17:50:34.321Z] Time:          Wed Apr 10 2019 14:50:34 GMT-0300 (GMT-03:00)
[debug] [2019-04-10T17:50:34.321Z] ----------------------------------------------------------------------
[debug] 
[debug] [2019-04-10T17:50:34.460Z] > command requires scopes: ["email","openid","https://www.googleapis.com/auth/cloudplatformprojects.readonly","https://www.googleapis.com/auth/firebase","https://www.googleapis.com/auth/cloud-platform"]
[debug] [2019-04-10T17:50:34.462Z] > authorizing via signed-in user
[debug] [2019-04-10T17:50:34.462Z] [iam] checking project trocaria-11 for permissions ["firebase.projects.get"]
[debug] [2019-04-10T17:50:34.468Z] > refreshing access token with scopes: ["email","https://www.googleapis.com/auth/cloud-platform","https://www.googleapis.com/auth/cloudplatformprojects.readonly","https://www.googleapis.com/auth/firebase","openid"]
[debug] [2019-04-10T17:50:34.469Z] >>> HTTP REQUEST POST https://www.googleapis.com/oauth2/v3/token  
 <request body omitted>
[debug] [2019-04-10T17:50:36.371Z] <<< HTTP RESPONSE 200
[debug] [2019-04-10T17:50:36.476Z] >>> HTTP REQUEST POST https://cloudresourcemanager.googleapis.com/v1/projects/trocaria-11:testIamPermissions  

[debug] [2019-04-10T17:50:38.341Z] <<< HTTP RESPONSE 200
[debug] [2019-04-10T17:50:38.343Z] >>> HTTP REQUEST GET https://cloudresourcemanager.googleapis.com/v1/projects/trocaria-11  
 
[debug] [2019-04-10T17:50:40.220Z] <<< HTTP RESPONSE 200
[info] 
[info] === Serving from 'C:\Projetos\redesocial'...
[info] 
[debug] [2019-04-10T17:50:40.361Z] >>> HTTP REQUEST GET https://mobilesdk-pa.googleapis.com/v1/projects/251335613869/clients/_:getWebAppConfig  
 
[debug] [2019-04-10T17:50:41.992Z] <<< HTTP RESPONSE 200
[info] i  hosting: Serving hosting files from: public
[info] +  hosting: Local server: http://localhost:5000
